<?xml version="1.0" encoding="UTF-8"?>
<!-- Generated by org.testng.reporters.JUnitXMLReporter -->
<testsuite hostname="DESKTOP-AO32I9U" ignored="2" name="Test" tests="2" failures="0" timestamp="18 Jun 2020 07:33:25 GMT" time="12.343" errors="0">
  <testcase name="@BeforeClass browserlaunch" time="9.796" classname="genericlibrary.BaseClass">
    <failure type="org.openqa.selenium.SessionNotCreatedException" message="session not created: This version of ChromeDriver only supports Chrome version 81
Build info: version: &amp;apos;3.141.59&amp;apos;, revision: &amp;apos;e82be7d358&amp;apos;, time: &amp;apos;2018-11-14T08:17:03&amp;apos;
System info: host: &amp;apos;DESKTOP-AO32I9U&amp;apos;, ip: &amp;apos;192.168.72.1&amp;apos;, os.name: &amp;apos;Windows 10&amp;apos;, os.arch: &amp;apos;amd64&amp;apos;, os.version: &amp;apos;10.0&amp;apos;, java.version: &amp;apos;1.8.0_162&amp;apos;
Driver info: driver.version: ChromeDriver
remote stacktrace: Backtrace:
	Ordinal0 [0x00D15F73+2449267]
	Ordinal0 [0x00C48361+1606497]
	Ordinal0 [0x00B3F969+522601]
	Ordinal0 [0x00AD05F3+67059]
	Ordinal0 [0x00ACCD92+52626]
	Ordinal0 [0x00AEC127+180519]
	Ordinal0 [0x00AEBF2D+180013]
	Ordinal0 [0x00AE9E5B+171611]
	Ordinal0 [0x00AD1DD8+73176]
	Ordinal0 [0x00AD2E50+77392]
	Ordinal0 [0x00AD2DE9+77289]
	Ordinal0 [0x00C5D8D7+1693911]
	GetHandleVerifier [0x00DB4036+522726]
	GetHandleVerifier [0x00DB3D74+522020]
	GetHandleVerifier [0x00DC9187+609079]
	GetHandleVerifier [0x00DB48A6+524886]
	Ordinal0 [0x00C55CBC+1662140]
	Ordinal0 [0x00C5F23B+1700411]
	Ordinal0 [0x00C5F3A3+1700771]
	Ordinal0 [0x00C75215+1790485]
	BaseThreadInitThunk [0x76958494+36]
	RtlAreBitsSet [0x77214328+136]
	RtlAreBitsSet [0x772142F8+88]
">
      <![CDATA[org.openqa.selenium.SessionNotCreatedException: session not created: This version of ChromeDriver only supports Chrome version 81
Build info: version: '3.141.59', revision: 'e82be7d358', time: '2018-11-14T08:17:03'
System info: host: 'DESKTOP-AO32I9U', ip: '192.168.72.1', os.name: 'Windows 10', os.arch: 'amd64', os.version: '10.0', java.version: '1.8.0_162'
Driver info: driver.version: ChromeDriver
remote stacktrace: Backtrace:
Ordinal0 [0x00D15F73+2449267]
Ordinal0 [0x00C48361+1606497]
Ordinal0 [0x00B3F969+522601]
Ordinal0 [0x00AD05F3+67059]
Ordinal0 [0x00ACCD92+52626]
Ordinal0 [0x00AEC127+180519]
Ordinal0 [0x00AEBF2D+180013]
Ordinal0 [0x00AE9E5B+171611]
Ordinal0 [0x00AD1DD8+73176]
Ordinal0 [0x00AD2E50+77392]
Ordinal0 [0x00AD2DE9+77289]
Ordinal0 [0x00C5D8D7+1693911]
GetHandleVerifier [0x00DB4036+522726]
GetHandleVerifier [0x00DB3D74+522020]
GetHandleVerifier [0x00DC9187+609079]
GetHandleVerifier [0x00DB48A6+524886]
Ordinal0 [0x00C55CBC+1662140]
Ordinal0 [0x00C5F23B+1700411]
Ordinal0 [0x00C5F3A3+1700771]
Ordinal0 [0x00C75215+1790485]
BaseThreadInitThunk [0x76958494+36]
RtlAreBitsSet [0x77214328+136]
RtlAreBitsSet [0x772142F8+88]

at org.openqa.selenium.remote.W3CHandshakeResponse.lambda$errorHandler$0(W3CHandshakeResponse.java:62)
at org.openqa.selenium.remote.HandshakeResponse.lambda$getResponseFunction$0(HandshakeResponse.java:30)
at org.openqa.selenium.remote.ProtocolHandshake.lambda$createSession$0(ProtocolHandshake.java:126)
at java.util.stream.ReferencePipeline$3$1.accept(ReferencePipeline.java:193)
at java.util.Spliterators$ArraySpliterator.tryAdvance(Spliterators.java:958)
at java.util.stream.ReferencePipeline.forEachWithCancel(ReferencePipeline.java:126)
at java.util.stream.AbstractPipeline.copyIntoWithCancel(AbstractPipeline.java:498)
at java.util.stream.AbstractPipeline.copyInto(AbstractPipeline.java:485)
at java.util.stream.AbstractPipeline.wrapAndCopyInto(AbstractPipeline.java:471)
at java.util.stream.FindOps$FindOp.evaluateSequential(FindOps.java:152)
at java.util.stream.AbstractPipeline.evaluate(AbstractPipeline.java:234)
at java.util.stream.ReferencePipeline.findFirst(ReferencePipeline.java:464)
at org.openqa.selenium.remote.ProtocolHandshake.createSession(ProtocolHandshake.java:128)
at org.openqa.selenium.remote.ProtocolHandshake.createSession(ProtocolHandshake.java:74)
at org.openqa.selenium.remote.HttpCommandExecutor.execute(HttpCommandExecutor.java:136)
at org.openqa.selenium.remote.service.DriverCommandExecutor.execute(DriverCommandExecutor.java:83)
at org.openqa.selenium.remote.RemoteWebDriver.execute(RemoteWebDriver.java:552)
at org.openqa.selenium.remote.RemoteWebDriver.startSession(RemoteWebDriver.java:213)
at org.openqa.selenium.remote.RemoteWebDriver.<init>(RemoteWebDriver.java:131)
at org.openqa.selenium.chrome.ChromeDriver.<init>(ChromeDriver.java:181)
at org.openqa.selenium.chrome.ChromeDriver.<init>(ChromeDriver.java:168)
at org.openqa.selenium.chrome.ChromeDriver.<init>(ChromeDriver.java:123)
at genericlibrary.BaseClass.browserlaunch(BaseClass.java:35)
... Removed 30 stack frames]]>
    </failure>
  </testcase> <!-- @BeforeClass browserlaunch -->
  <testcase name="@BeforeMethod login" time="0.0" classname="genericlibrary.BaseClass">
    <skipped/>
  </testcase> <!-- @BeforeMethod login -->
  <testcase name="@AfterMethod logout" time="0.0" classname="genericlibrary.BaseClass">
    <skipped/>
  </testcase> <!-- @AfterMethod logout -->
  <testcase name="@AfterClass closebrowser" time="0.0" classname="genericlibrary.BaseClass">
    <skipped/>
  </testcase> <!-- @AfterClass closebrowser -->
  <testcase name="@BeforeClass browserlaunch" time="2.435" classname="genericlibrary.BaseClass">
    <failure type="org.openqa.selenium.SessionNotCreatedException" message="session not created: This version of ChromeDriver only supports Chrome version 81
Build info: version: &amp;apos;3.141.59&amp;apos;, revision: &amp;apos;e82be7d358&amp;apos;, time: &amp;apos;2018-11-14T08:17:03&amp;apos;
System info: host: &amp;apos;DESKTOP-AO32I9U&amp;apos;, ip: &amp;apos;192.168.72.1&amp;apos;, os.name: &amp;apos;Windows 10&amp;apos;, os.arch: &amp;apos;amd64&amp;apos;, os.version: &amp;apos;10.0&amp;apos;, java.version: &amp;apos;1.8.0_162&amp;apos;
Driver info: driver.version: ChromeDriver
remote stacktrace: Backtrace:
	Ordinal0 [0x00D15F73+2449267]
	Ordinal0 [0x00C48361+1606497]
	Ordinal0 [0x00B3F969+522601]
	Ordinal0 [0x00AD05F3+67059]
	Ordinal0 [0x00ACCD92+52626]
	Ordinal0 [0x00AEC127+180519]
	Ordinal0 [0x00AEBF2D+180013]
	Ordinal0 [0x00AE9E5B+171611]
	Ordinal0 [0x00AD1DD8+73176]
	Ordinal0 [0x00AD2E50+77392]
	Ordinal0 [0x00AD2DE9+77289]
	Ordinal0 [0x00C5D8D7+1693911]
	GetHandleVerifier [0x00DB4036+522726]
	GetHandleVerifier [0x00DB3D74+522020]
	GetHandleVerifier [0x00DC9187+609079]
	GetHandleVerifier [0x00DB48A6+524886]
	Ordinal0 [0x00C55CBC+1662140]
	Ordinal0 [0x00C5F23B+1700411]
	Ordinal0 [0x00C5F3A3+1700771]
	Ordinal0 [0x00C75215+1790485]
	BaseThreadInitThunk [0x76958494+36]
	RtlAreBitsSet [0x77214328+136]
	RtlAreBitsSet [0x772142F8+88]
">
      <![CDATA[org.openqa.selenium.SessionNotCreatedException: session not created: This version of ChromeDriver only supports Chrome version 81
Build info: version: '3.141.59', revision: 'e82be7d358', time: '2018-11-14T08:17:03'
System info: host: 'DESKTOP-AO32I9U', ip: '192.168.72.1', os.name: 'Windows 10', os.arch: 'amd64', os.version: '10.0', java.version: '1.8.0_162'
Driver info: driver.version: ChromeDriver
remote stacktrace: Backtrace:
Ordinal0 [0x00D15F73+2449267]
Ordinal0 [0x00C48361+1606497]
Ordinal0 [0x00B3F969+522601]
Ordinal0 [0x00AD05F3+67059]
Ordinal0 [0x00ACCD92+52626]
Ordinal0 [0x00AEC127+180519]
Ordinal0 [0x00AEBF2D+180013]
Ordinal0 [0x00AE9E5B+171611]
Ordinal0 [0x00AD1DD8+73176]
Ordinal0 [0x00AD2E50+77392]
Ordinal0 [0x00AD2DE9+77289]
Ordinal0 [0x00C5D8D7+1693911]
GetHandleVerifier [0x00DB4036+522726]
GetHandleVerifier [0x00DB3D74+522020]
GetHandleVerifier [0x00DC9187+609079]
GetHandleVerifier [0x00DB48A6+524886]
Ordinal0 [0x00C55CBC+1662140]
Ordinal0 [0x00C5F23B+1700411]
Ordinal0 [0x00C5F3A3+1700771]
Ordinal0 [0x00C75215+1790485]
BaseThreadInitThunk [0x76958494+36]
RtlAreBitsSet [0x77214328+136]
RtlAreBitsSet [0x772142F8+88]

at org.openqa.selenium.remote.W3CHandshakeResponse.lambda$errorHandler$0(W3CHandshakeResponse.java:62)
at org.openqa.selenium.remote.HandshakeResponse.lambda$getResponseFunction$0(HandshakeResponse.java:30)
at org.openqa.selenium.remote.ProtocolHandshake.lambda$createSession$0(ProtocolHandshake.java:126)
at java.util.stream.ReferencePipeline$3$1.accept(ReferencePipeline.java:193)
at java.util.Spliterators$ArraySpliterator.tryAdvance(Spliterators.java:958)
at java.util.stream.ReferencePipeline.forEachWithCancel(ReferencePipeline.java:126)
at java.util.stream.AbstractPipeline.copyIntoWithCancel(AbstractPipeline.java:498)
at java.util.stream.AbstractPipeline.copyInto(AbstractPipeline.java:485)
at java.util.stream.AbstractPipeline.wrapAndCopyInto(AbstractPipeline.java:471)
at java.util.stream.FindOps$FindOp.evaluateSequential(FindOps.java:152)
at java.util.stream.AbstractPipeline.evaluate(AbstractPipeline.java:234)
at java.util.stream.ReferencePipeline.findFirst(ReferencePipeline.java:464)
at org.openqa.selenium.remote.ProtocolHandshake.createSession(ProtocolHandshake.java:128)
at org.openqa.selenium.remote.ProtocolHandshake.createSession(ProtocolHandshake.java:74)
at org.openqa.selenium.remote.HttpCommandExecutor.execute(HttpCommandExecutor.java:136)
at org.openqa.selenium.remote.service.DriverCommandExecutor.execute(DriverCommandExecutor.java:83)
at org.openqa.selenium.remote.RemoteWebDriver.execute(RemoteWebDriver.java:552)
at org.openqa.selenium.remote.RemoteWebDriver.startSession(RemoteWebDriver.java:213)
at org.openqa.selenium.remote.RemoteWebDriver.<init>(RemoteWebDriver.java:131)
at org.openqa.selenium.chrome.ChromeDriver.<init>(ChromeDriver.java:181)
at org.openqa.selenium.chrome.ChromeDriver.<init>(ChromeDriver.java:168)
at org.openqa.selenium.chrome.ChromeDriver.<init>(ChromeDriver.java:123)
at genericlibrary.BaseClass.browserlaunch(BaseClass.java:35)
... Removed 30 stack frames]]>
    </failure>
  </testcase> <!-- @BeforeClass browserlaunch -->
  <testcase name="@BeforeMethod login" time="0.0" classname="genericlibrary.BaseClass">
    <skipped/>
  </testcase> <!-- @BeforeMethod login -->
  <testcase name="@AfterMethod logout" time="0.0" classname="genericlibrary.BaseClass">
    <skipped/>
  </testcase> <!-- @AfterMethod logout -->
  <testcase name="@AfterClass closebrowser" time="0.0" classname="genericlibrary.BaseClass">
    <skipped/>
  </testcase> <!-- @AfterClass closebrowser -->
  <testcase name="Searchoptions" time="0.0" classname="testScripts.SearchTest">
    <skipped/>
  </testcase> <!-- Searchoptions -->
  <testcase name="vendorEdit" time="0.0" classname="testScripts.EditVendorNameTest">
    <skipped/>
  </testcase> <!-- vendorEdit -->
  <testcase name="@AfterSuite dbdisconnect" time="0.0" classname="genericlibrary.BaseClass">
    <ignored/>
  </testcase> <!-- @AfterSuite dbdisconnect -->
  <testcase name="@BeforeSuite dbConnection" time="0.0" classname="genericlibrary.BaseClass">
    <ignored/>
  </testcase> <!-- @BeforeSuite dbConnection -->
</testsuite> <!-- Test -->
