<!DOCTYPE html PUBLIC "-//W3C//DTD XHTML 1.1//EN" "http://www.w3.org/TR/xhtml11/DTD/xhtml11.dtd">
<html xmlns="http://www.w3.org/1999/xhtml">
<head>
<meta http-equiv="content-type" content="text/html; charset=UTF-8"/>
<title>TestNG Report</title>
<style type="text/css">table {margin-bottom:10px;border-collapse:collapse;empty-cells:show}th,td {border:1px solid #009;padding:.25em .5em}th {vertical-align:bottom}td {vertical-align:top}table a {font-weight:bold}.stripe td {background-color: #E6EBF9}.num {text-align:right}.passedodd td {background-color: #3F3}.passedeven td {background-color: #0A0}.skippedodd td {background-color: #DDD}.skippedeven td {background-color: #CCC}.failedodd td,.attn {background-color: #F33}.failedeven td,.stripe .attn {background-color: #D00}.stacktrace {white-space:pre;font-family:monospace}.totop {font-size:85%;text-align:center;border-bottom:2px solid #000}.invisible {display:none}</style>
</head>
<body>
<table>
<tr><th>Test</th><th># Passed</th><th># Skipped</th><th># Failed</th><th>Time (ms)</th><th>Included Groups</th><th>Excluded Groups</th></tr>
<tr><th colspan="7">Suite</th></tr>
<tr><td><a href="#t0">Test</a></td><td class="num">0</td><td class="num attn">2</td><td class="num">0</td><td class="num">12,343</td><td></td><td></td></tr>
</table>
<table id='summary'><thead><tr><th>Class</th><th>Method</th><th>Start</th><th>Time (ms)</th></tr></thead><tbody><tr><th colspan="4">Suite</th></tr></tbody><tbody id="t0"><tr><th colspan="4">Test &#8212; failed (configuration methods)</th></tr><tr class="failedeven"><td rowspan="1">testScripts.EditVendorNameTest</td><td><a href="#m0">browserlaunch</a></td><td rowspan="1">1592465602703</td><td rowspan="1">2435</td></tr><tr class="failedodd"><td rowspan="1">testScripts.SearchTest</td><td><a href="#m1">browserlaunch</a></td><td rowspan="1">1592465592833</td><td rowspan="1">9796</td></tr><tr><th colspan="4">Test &#8212; skipped (configuration methods)</th></tr><tr class="skippedeven"><td rowspan="3">testScripts.EditVendorNameTest</td><td><a href="#m2">closebrowser</a></td><td rowspan="1">1592465605157</td><td rowspan="1">0</td></tr><tr class="skippedeven"><td><a href="#m3">login</a></td><td rowspan="1">1592465605143</td><td rowspan="1">0</td></tr><tr class="skippedeven"><td><a href="#m4">logout</a></td><td rowspan="1">1592465605155</td><td rowspan="1">0</td></tr><tr class="skippedodd"><td rowspan="3">testScripts.SearchTest</td><td><a href="#m5">closebrowser</a></td><td rowspan="1">1592465602700</td><td rowspan="1">0</td></tr><tr class="skippedodd"><td><a href="#m6">login</a></td><td rowspan="1">1592465602689</td><td rowspan="1">0</td></tr><tr class="skippedodd"><td><a href="#m7">logout</a></td><td rowspan="1">1592465602698</td><td rowspan="1">0</td></tr><tr><th colspan="4">Test &#8212; skipped</th></tr><tr class="skippedeven"><td rowspan="1">testScripts.EditVendorNameTest</td><td><a href="#m8">vendorEdit</a></td><td rowspan="1">1592465605150</td><td rowspan="1">0</td></tr><tr class="skippedodd"><td rowspan="1">testScripts.SearchTest</td><td><a href="#m9">Searchoptions</a></td><td rowspan="1">1592465602692</td><td rowspan="1">0</td></tr></tbody>
</table>
<h2>Test</h2><h3 id="m0">testScripts.EditVendorNameTest#browserlaunch</h3><table class="result"><tr><th>Exception</th></tr><tr><td><div class="stacktrace">org.openqa.selenium.SessionNotCreatedException: session not created: This version of ChromeDriver only supports Chrome version 81
Build info: version: &apos;3.141.59&apos;, revision: &apos;e82be7d358&apos;, time: &apos;2018-11-14T08:17:03&apos;
System info: host: &apos;DESKTOP-AO32I9U&apos;, ip: &apos;192.168.72.1&apos;, os.name: &apos;Windows 10&apos;, os.arch: &apos;amd64&apos;, os.version: &apos;10.0&apos;, java.version: &apos;1.8.0_162&apos;
Driver info: driver.version: ChromeDriver
remote stacktrace: Backtrace:
	Ordinal0 [0x00D15F73+2449267]
	Ordinal0 [0x00C48361+1606497]
	Ordinal0 [0x00B3F969+522601]
	Ordinal0 [0x00AD05F3+67059]
	Ordinal0 [0x00ACCD92+52626]
	Ordinal0 [0x00AEC127+180519]
	Ordinal0 [0x00AEBF2D+180013]
	Ordinal0 [0x00AE9E5B+171611]
	Ordinal0 [0x00AD1DD8+73176]
	Ordinal0 [0x00AD2E50+77392]
	Ordinal0 [0x00AD2DE9+77289]
	Ordinal0 [0x00C5D8D7+1693911]
	GetHandleVerifier [0x00DB4036+522726]
	GetHandleVerifier [0x00DB3D74+522020]
	GetHandleVerifier [0x00DC9187+609079]
	GetHandleVerifier [0x00DB48A6+524886]
	Ordinal0 [0x00C55CBC+1662140]
	Ordinal0 [0x00C5F23B+1700411]
	Ordinal0 [0x00C5F3A3+1700771]
	Ordinal0 [0x00C75215+1790485]
	BaseThreadInitThunk [0x76958494+36]
	RtlAreBitsSet [0x77214328+136]
	RtlAreBitsSet [0x772142F8+88]

	at org.openqa.selenium.remote.W3CHandshakeResponse.lambda$errorHandler$0(W3CHandshakeResponse.java:62)
	at org.openqa.selenium.remote.HandshakeResponse.lambda$getResponseFunction$0(HandshakeResponse.java:30)
	at org.openqa.selenium.remote.ProtocolHandshake.lambda$createSession$0(ProtocolHandshake.java:126)
	at java.util.stream.ReferencePipeline$3$1.accept(ReferencePipeline.java:193)
	at java.util.Spliterators$ArraySpliterator.tryAdvance(Spliterators.java:958)
	at java.util.stream.ReferencePipeline.forEachWithCancel(ReferencePipeline.java:126)
	at java.util.stream.AbstractPipeline.copyIntoWithCancel(AbstractPipeline.java:498)
	at java.util.stream.AbstractPipeline.copyInto(AbstractPipeline.java:485)
	at java.util.stream.AbstractPipeline.wrapAndCopyInto(AbstractPipeline.java:471)
	at java.util.stream.FindOps$FindOp.evaluateSequential(FindOps.java:152)
	at java.util.stream.AbstractPipeline.evaluate(AbstractPipeline.java:234)
	at java.util.stream.ReferencePipeline.findFirst(ReferencePipeline.java:464)
	at org.openqa.selenium.remote.ProtocolHandshake.createSession(ProtocolHandshake.java:128)
	at org.openqa.selenium.remote.ProtocolHandshake.createSession(ProtocolHandshake.java:74)
	at org.openqa.selenium.remote.HttpCommandExecutor.execute(HttpCommandExecutor.java:136)
	at org.openqa.selenium.remote.service.DriverCommandExecutor.execute(DriverCommandExecutor.java:83)
	at org.openqa.selenium.remote.RemoteWebDriver.execute(RemoteWebDriver.java:552)
	at org.openqa.selenium.remote.RemoteWebDriver.startSession(RemoteWebDriver.java:213)
	at org.openqa.selenium.remote.RemoteWebDriver.&lt;init&gt;(RemoteWebDriver.java:131)
	at org.openqa.selenium.chrome.ChromeDriver.&lt;init&gt;(ChromeDriver.java:181)
	at org.openqa.selenium.chrome.ChromeDriver.&lt;init&gt;(ChromeDriver.java:168)
	at org.openqa.selenium.chrome.ChromeDriver.&lt;init&gt;(ChromeDriver.java:123)
	at genericlibrary.BaseClass.browserlaunch(BaseClass.java:35)
... Removed 30 stack frames</div></td></tr></table><p class="totop"><a href="#summary">back to summary</a></p>
<h3 id="m1">testScripts.SearchTest#browserlaunch</h3><table class="result"><tr><th>Exception</th></tr><tr><td><div class="stacktrace">org.openqa.selenium.SessionNotCreatedException: session not created: This version of ChromeDriver only supports Chrome version 81
Build info: version: &apos;3.141.59&apos;, revision: &apos;e82be7d358&apos;, time: &apos;2018-11-14T08:17:03&apos;
System info: host: &apos;DESKTOP-AO32I9U&apos;, ip: &apos;192.168.72.1&apos;, os.name: &apos;Windows 10&apos;, os.arch: &apos;amd64&apos;, os.version: &apos;10.0&apos;, java.version: &apos;1.8.0_162&apos;
Driver info: driver.version: ChromeDriver
remote stacktrace: Backtrace:
	Ordinal0 [0x00D15F73+2449267]
	Ordinal0 [0x00C48361+1606497]
	Ordinal0 [0x00B3F969+522601]
	Ordinal0 [0x00AD05F3+67059]
	Ordinal0 [0x00ACCD92+52626]
	Ordinal0 [0x00AEC127+180519]
	Ordinal0 [0x00AEBF2D+180013]
	Ordinal0 [0x00AE9E5B+171611]
	Ordinal0 [0x00AD1DD8+73176]
	Ordinal0 [0x00AD2E50+77392]
	Ordinal0 [0x00AD2DE9+77289]
	Ordinal0 [0x00C5D8D7+1693911]
	GetHandleVerifier [0x00DB4036+522726]
	GetHandleVerifier [0x00DB3D74+522020]
	GetHandleVerifier [0x00DC9187+609079]
	GetHandleVerifier [0x00DB48A6+524886]
	Ordinal0 [0x00C55CBC+1662140]
	Ordinal0 [0x00C5F23B+1700411]
	Ordinal0 [0x00C5F3A3+1700771]
	Ordinal0 [0x00C75215+1790485]
	BaseThreadInitThunk [0x76958494+36]
	RtlAreBitsSet [0x77214328+136]
	RtlAreBitsSet [0x772142F8+88]

	at org.openqa.selenium.remote.W3CHandshakeResponse.lambda$errorHandler$0(W3CHandshakeResponse.java:62)
	at org.openqa.selenium.remote.HandshakeResponse.lambda$getResponseFunction$0(HandshakeResponse.java:30)
	at org.openqa.selenium.remote.ProtocolHandshake.lambda$createSession$0(ProtocolHandshake.java:126)
	at java.util.stream.ReferencePipeline$3$1.accept(ReferencePipeline.java:193)
	at java.util.Spliterators$ArraySpliterator.tryAdvance(Spliterators.java:958)
	at java.util.stream.ReferencePipeline.forEachWithCancel(ReferencePipeline.java:126)
	at java.util.stream.AbstractPipeline.copyIntoWithCancel(AbstractPipeline.java:498)
	at java.util.stream.AbstractPipeline.copyInto(AbstractPipeline.java:485)
	at java.util.stream.AbstractPipeline.wrapAndCopyInto(AbstractPipeline.java:471)
	at java.util.stream.FindOps$FindOp.evaluateSequential(FindOps.java:152)
	at java.util.stream.AbstractPipeline.evaluate(AbstractPipeline.java:234)
	at java.util.stream.ReferencePipeline.findFirst(ReferencePipeline.java:464)
	at org.openqa.selenium.remote.ProtocolHandshake.createSession(ProtocolHandshake.java:128)
	at org.openqa.selenium.remote.ProtocolHandshake.createSession(ProtocolHandshake.java:74)
	at org.openqa.selenium.remote.HttpCommandExecutor.execute(HttpCommandExecutor.java:136)
	at org.openqa.selenium.remote.service.DriverCommandExecutor.execute(DriverCommandExecutor.java:83)
	at org.openqa.selenium.remote.RemoteWebDriver.execute(RemoteWebDriver.java:552)
	at org.openqa.selenium.remote.RemoteWebDriver.startSession(RemoteWebDriver.java:213)
	at org.openqa.selenium.remote.RemoteWebDriver.&lt;init&gt;(RemoteWebDriver.java:131)
	at org.openqa.selenium.chrome.ChromeDriver.&lt;init&gt;(ChromeDriver.java:181)
	at org.openqa.selenium.chrome.ChromeDriver.&lt;init&gt;(ChromeDriver.java:168)
	at org.openqa.selenium.chrome.ChromeDriver.&lt;init&gt;(ChromeDriver.java:123)
	at genericlibrary.BaseClass.browserlaunch(BaseClass.java:35)
... Removed 30 stack frames</div></td></tr></table><p class="totop"><a href="#summary">back to summary</a></p>
<h3 id="m2">testScripts.EditVendorNameTest#closebrowser</h3><table class="result"><tr><th class="invisible"/></tr></table><p class="totop"><a href="#summary">back to summary</a></p>
<h3 id="m3">testScripts.EditVendorNameTest#login</h3><table class="result"><tr><th class="invisible"/></tr></table><p class="totop"><a href="#summary">back to summary</a></p>
<h3 id="m4">testScripts.EditVendorNameTest#logout</h3><table class="result"><tr><th class="invisible"/></tr></table><p class="totop"><a href="#summary">back to summary</a></p>
<h3 id="m5">testScripts.SearchTest#closebrowser</h3><table class="result"><tr><th class="invisible"/></tr></table><p class="totop"><a href="#summary">back to summary</a></p>
<h3 id="m6">testScripts.SearchTest#login</h3><table class="result"><tr><th class="invisible"/></tr></table><p class="totop"><a href="#summary">back to summary</a></p>
<h3 id="m7">testScripts.SearchTest#logout</h3><table class="result"><tr><th class="invisible"/></tr></table><p class="totop"><a href="#summary">back to summary</a></p>
<h3 id="m8">testScripts.EditVendorNameTest#vendorEdit</h3><table class="result"><tr><th>Exception</th></tr><tr><td><div class="stacktrace">org.openqa.selenium.SessionNotCreatedException: session not created: This version of ChromeDriver only supports Chrome version 81
Build info: version: &apos;3.141.59&apos;, revision: &apos;e82be7d358&apos;, time: &apos;2018-11-14T08:17:03&apos;
System info: host: &apos;DESKTOP-AO32I9U&apos;, ip: &apos;192.168.72.1&apos;, os.name: &apos;Windows 10&apos;, os.arch: &apos;amd64&apos;, os.version: &apos;10.0&apos;, java.version: &apos;1.8.0_162&apos;
Driver info: driver.version: ChromeDriver
remote stacktrace: Backtrace:
	Ordinal0 [0x00D15F73+2449267]
	Ordinal0 [0x00C48361+1606497]
	Ordinal0 [0x00B3F969+522601]
	Ordinal0 [0x00AD05F3+67059]
	Ordinal0 [0x00ACCD92+52626]
	Ordinal0 [0x00AEC127+180519]
	Ordinal0 [0x00AEBF2D+180013]
	Ordinal0 [0x00AE9E5B+171611]
	Ordinal0 [0x00AD1DD8+73176]
	Ordinal0 [0x00AD2E50+77392]
	Ordinal0 [0x00AD2DE9+77289]
	Ordinal0 [0x00C5D8D7+1693911]
	GetHandleVerifier [0x00DB4036+522726]
	GetHandleVerifier [0x00DB3D74+522020]
	GetHandleVerifier [0x00DC9187+609079]
	GetHandleVerifier [0x00DB48A6+524886]
	Ordinal0 [0x00C55CBC+1662140]
	Ordinal0 [0x00C5F23B+1700411]
	Ordinal0 [0x00C5F3A3+1700771]
	Ordinal0 [0x00C75215+1790485]
	BaseThreadInitThunk [0x76958494+36]
	RtlAreBitsSet [0x77214328+136]
	RtlAreBitsSet [0x772142F8+88]

	at org.openqa.selenium.remote.W3CHandshakeResponse.lambda$errorHandler$0(W3CHandshakeResponse.java:62)
	at org.openqa.selenium.remote.HandshakeResponse.lambda$getResponseFunction$0(HandshakeResponse.java:30)
	at org.openqa.selenium.remote.ProtocolHandshake.lambda$createSession$0(ProtocolHandshake.java:126)
	at java.util.stream.ReferencePipeline$3$1.accept(ReferencePipeline.java:193)
	at java.util.Spliterators$ArraySpliterator.tryAdvance(Spliterators.java:958)
	at java.util.stream.ReferencePipeline.forEachWithCancel(ReferencePipeline.java:126)
	at java.util.stream.AbstractPipeline.copyIntoWithCancel(AbstractPipeline.java:498)
	at java.util.stream.AbstractPipeline.copyInto(AbstractPipeline.java:485)
	at java.util.stream.AbstractPipeline.wrapAndCopyInto(AbstractPipeline.java:471)
	at java.util.stream.FindOps$FindOp.evaluateSequential(FindOps.java:152)
	at java.util.stream.AbstractPipeline.evaluate(AbstractPipeline.java:234)
	at java.util.stream.ReferencePipeline.findFirst(ReferencePipeline.java:464)
	at org.openqa.selenium.remote.ProtocolHandshake.createSession(ProtocolHandshake.java:128)
	at org.openqa.selenium.remote.ProtocolHandshake.createSession(ProtocolHandshake.java:74)
	at org.openqa.selenium.remote.HttpCommandExecutor.execute(HttpCommandExecutor.java:136)
	at org.openqa.selenium.remote.service.DriverCommandExecutor.execute(DriverCommandExecutor.java:83)
	at org.openqa.selenium.remote.RemoteWebDriver.execute(RemoteWebDriver.java:552)
	at org.openqa.selenium.remote.RemoteWebDriver.startSession(RemoteWebDriver.java:213)
	at org.openqa.selenium.remote.RemoteWebDriver.&lt;init&gt;(RemoteWebDriver.java:131)
	at org.openqa.selenium.chrome.ChromeDriver.&lt;init&gt;(ChromeDriver.java:181)
	at org.openqa.selenium.chrome.ChromeDriver.&lt;init&gt;(ChromeDriver.java:168)
	at org.openqa.selenium.chrome.ChromeDriver.&lt;init&gt;(ChromeDriver.java:123)
	at genericlibrary.BaseClass.browserlaunch(BaseClass.java:35)
... Removed 30 stack frames</div></td></tr></table><p class="totop"><a href="#summary">back to summary</a></p>
<h3 id="m9">testScripts.SearchTest#Searchoptions</h3><table class="result"><tr><th>Exception</th></tr><tr><td><div class="stacktrace">org.openqa.selenium.SessionNotCreatedException: session not created: This version of ChromeDriver only supports Chrome version 81
Build info: version: &apos;3.141.59&apos;, revision: &apos;e82be7d358&apos;, time: &apos;2018-11-14T08:17:03&apos;
System info: host: &apos;DESKTOP-AO32I9U&apos;, ip: &apos;192.168.72.1&apos;, os.name: &apos;Windows 10&apos;, os.arch: &apos;amd64&apos;, os.version: &apos;10.0&apos;, java.version: &apos;1.8.0_162&apos;
Driver info: driver.version: ChromeDriver
remote stacktrace: Backtrace:
	Ordinal0 [0x00D15F73+2449267]
	Ordinal0 [0x00C48361+1606497]
	Ordinal0 [0x00B3F969+522601]
	Ordinal0 [0x00AD05F3+67059]
	Ordinal0 [0x00ACCD92+52626]
	Ordinal0 [0x00AEC127+180519]
	Ordinal0 [0x00AEBF2D+180013]
	Ordinal0 [0x00AE9E5B+171611]
	Ordinal0 [0x00AD1DD8+73176]
	Ordinal0 [0x00AD2E50+77392]
	Ordinal0 [0x00AD2DE9+77289]
	Ordinal0 [0x00C5D8D7+1693911]
	GetHandleVerifier [0x00DB4036+522726]
	GetHandleVerifier [0x00DB3D74+522020]
	GetHandleVerifier [0x00DC9187+609079]
	GetHandleVerifier [0x00DB48A6+524886]
	Ordinal0 [0x00C55CBC+1662140]
	Ordinal0 [0x00C5F23B+1700411]
	Ordinal0 [0x00C5F3A3+1700771]
	Ordinal0 [0x00C75215+1790485]
	BaseThreadInitThunk [0x76958494+36]
	RtlAreBitsSet [0x77214328+136]
	RtlAreBitsSet [0x772142F8+88]

	at org.openqa.selenium.remote.W3CHandshakeResponse.lambda$errorHandler$0(W3CHandshakeResponse.java:62)
	at org.openqa.selenium.remote.HandshakeResponse.lambda$getResponseFunction$0(HandshakeResponse.java:30)
	at org.openqa.selenium.remote.ProtocolHandshake.lambda$createSession$0(ProtocolHandshake.java:126)
	at java.util.stream.ReferencePipeline$3$1.accept(ReferencePipeline.java:193)
	at java.util.Spliterators$ArraySpliterator.tryAdvance(Spliterators.java:958)
	at java.util.stream.ReferencePipeline.forEachWithCancel(ReferencePipeline.java:126)
	at java.util.stream.AbstractPipeline.copyIntoWithCancel(AbstractPipeline.java:498)
	at java.util.stream.AbstractPipeline.copyInto(AbstractPipeline.java:485)
	at java.util.stream.AbstractPipeline.wrapAndCopyInto(AbstractPipeline.java:471)
	at java.util.stream.FindOps$FindOp.evaluateSequential(FindOps.java:152)
	at java.util.stream.AbstractPipeline.evaluate(AbstractPipeline.java:234)
	at java.util.stream.ReferencePipeline.findFirst(ReferencePipeline.java:464)
	at org.openqa.selenium.remote.ProtocolHandshake.createSession(ProtocolHandshake.java:128)
	at org.openqa.selenium.remote.ProtocolHandshake.createSession(ProtocolHandshake.java:74)
	at org.openqa.selenium.remote.HttpCommandExecutor.execute(HttpCommandExecutor.java:136)
	at org.openqa.selenium.remote.service.DriverCommandExecutor.execute(DriverCommandExecutor.java:83)
	at org.openqa.selenium.remote.RemoteWebDriver.execute(RemoteWebDriver.java:552)
	at org.openqa.selenium.remote.RemoteWebDriver.startSession(RemoteWebDriver.java:213)
	at org.openqa.selenium.remote.RemoteWebDriver.&lt;init&gt;(RemoteWebDriver.java:131)
	at org.openqa.selenium.chrome.ChromeDriver.&lt;init&gt;(ChromeDriver.java:181)
	at org.openqa.selenium.chrome.ChromeDriver.&lt;init&gt;(ChromeDriver.java:168)
	at org.openqa.selenium.chrome.ChromeDriver.&lt;init&gt;(ChromeDriver.java:123)
	at genericlibrary.BaseClass.browserlaunch(BaseClass.java:35)
... Removed 30 stack frames</div></td></tr></table><p class="totop"><a href="#summary">back to summary</a></p>
</body>
</html>
