<?xml version="1.0" encoding="UTF-8"?>
<testng-results skipped="2" failed="0" ignored="2" total="4" passed="0">
  <reporter-output>
  </reporter-output>
  <suite name="Suite" duration-ms="12343" started-at="2020-06-18T07:33:12Z" finished-at="2020-06-18T07:33:25Z">
    <groups>
    </groups>
    <test name="Test" duration-ms="12343" started-at="2020-06-18T07:33:12Z" finished-at="2020-06-18T07:33:25Z">
      <class name="testScripts.EditVendorNameTest">
        <test-method status="FAIL" signature="browserlaunch()[pri:0, instance:testScripts.EditVendorNameTest@548e7350]" name="browserlaunch" is-config="true" duration-ms="2435" started-at="2020-06-18T07:33:22Z" finished-at="2020-06-18T07:33:25Z">
          <exception class="org.openqa.selenium.SessionNotCreatedException">
            <message>
              <![CDATA[session not created: This version of ChromeDriver only supports Chrome version 81
Build info: version: '3.141.59', revision: 'e82be7d358', time: '2018-11-14T08:17:03'
System info: host: 'DESKTOP-AO32I9U', ip: '192.168.72.1', os.name: 'Windows 10', os.arch: 'amd64', os.version: '10.0', java.version: '1.8.0_162'
Driver info: driver.version: ChromeDriver
remote stacktrace: Backtrace:
Ordinal0 [0x00D15F73+2449267]
Ordinal0 [0x00C48361+1606497]
Ordinal0 [0x00B3F969+522601]
Ordinal0 [0x00AD05F3+67059]
Ordinal0 [0x00ACCD92+52626]
Ordinal0 [0x00AEC127+180519]
Ordinal0 [0x00AEBF2D+180013]
Ordinal0 [0x00AE9E5B+171611]
Ordinal0 [0x00AD1DD8+73176]
Ordinal0 [0x00AD2E50+77392]
Ordinal0 [0x00AD2DE9+77289]
Ordinal0 [0x00C5D8D7+1693911]
GetHandleVerifier [0x00DB4036+522726]
GetHandleVerifier [0x00DB3D74+522020]
GetHandleVerifier [0x00DC9187+609079]
GetHandleVerifier [0x00DB48A6+524886]
Ordinal0 [0x00C55CBC+1662140]
Ordinal0 [0x00C5F23B+1700411]
Ordinal0 [0x00C5F3A3+1700771]
Ordinal0 [0x00C75215+1790485]
BaseThreadInitThunk [0x76958494+36]
RtlAreBitsSet [0x77214328+136]
RtlAreBitsSet [0x772142F8+88]
]]>
            </message>
            <full-stacktrace>
              <![CDATA[org.openqa.selenium.SessionNotCreatedException: session not created: This version of ChromeDriver only supports Chrome version 81
Build info: version: '3.141.59', revision: 'e82be7d358', time: '2018-11-14T08:17:03'
System info: host: 'DESKTOP-AO32I9U', ip: '192.168.72.1', os.name: 'Windows 10', os.arch: 'amd64', os.version: '10.0', java.version: '1.8.0_162'
Driver info: driver.version: ChromeDriver
remote stacktrace: Backtrace:
Ordinal0 [0x00D15F73+2449267]
Ordinal0 [0x00C48361+1606497]
Ordinal0 [0x00B3F969+522601]
Ordinal0 [0x00AD05F3+67059]
Ordinal0 [0x00ACCD92+52626]
Ordinal0 [0x00AEC127+180519]
Ordinal0 [0x00AEBF2D+180013]
Ordinal0 [0x00AE9E5B+171611]
Ordinal0 [0x00AD1DD8+73176]
Ordinal0 [0x00AD2E50+77392]
Ordinal0 [0x00AD2DE9+77289]
Ordinal0 [0x00C5D8D7+1693911]
GetHandleVerifier [0x00DB4036+522726]
GetHandleVerifier [0x00DB3D74+522020]
GetHandleVerifier [0x00DC9187+609079]
GetHandleVerifier [0x00DB48A6+524886]
Ordinal0 [0x00C55CBC+1662140]
Ordinal0 [0x00C5F23B+1700411]
Ordinal0 [0x00C5F3A3+1700771]
Ordinal0 [0x00C75215+1790485]
BaseThreadInitThunk [0x76958494+36]
RtlAreBitsSet [0x77214328+136]
RtlAreBitsSet [0x772142F8+88]

at sun.reflect.NativeConstructorAccessorImpl.newInstance0(Native Method)
at sun.reflect.NativeConstructorAccessorImpl.newInstance(NativeConstructorAccessorImpl.java:62)
at sun.reflect.DelegatingConstructorAccessorImpl.newInstance(DelegatingConstructorAccessorImpl.java:45)
at java.lang.reflect.Constructor.newInstance(Constructor.java:423)
at org.openqa.selenium.remote.W3CHandshakeResponse.lambda$errorHandler$0(W3CHandshakeResponse.java:62)
at org.openqa.selenium.remote.HandshakeResponse.lambda$getResponseFunction$0(HandshakeResponse.java:30)
at org.openqa.selenium.remote.ProtocolHandshake.lambda$createSession$0(ProtocolHandshake.java:126)
at java.util.stream.ReferencePipeline$3$1.accept(ReferencePipeline.java:193)
at java.util.Spliterators$ArraySpliterator.tryAdvance(Spliterators.java:958)
at java.util.stream.ReferencePipeline.forEachWithCancel(ReferencePipeline.java:126)
at java.util.stream.AbstractPipeline.copyIntoWithCancel(AbstractPipeline.java:498)
at java.util.stream.AbstractPipeline.copyInto(AbstractPipeline.java:485)
at java.util.stream.AbstractPipeline.wrapAndCopyInto(AbstractPipeline.java:471)
at java.util.stream.FindOps$FindOp.evaluateSequential(FindOps.java:152)
at java.util.stream.AbstractPipeline.evaluate(AbstractPipeline.java:234)
at java.util.stream.ReferencePipeline.findFirst(ReferencePipeline.java:464)
at org.openqa.selenium.remote.ProtocolHandshake.createSession(ProtocolHandshake.java:128)
at org.openqa.selenium.remote.ProtocolHandshake.createSession(ProtocolHandshake.java:74)
at org.openqa.selenium.remote.HttpCommandExecutor.execute(HttpCommandExecutor.java:136)
at org.openqa.selenium.remote.service.DriverCommandExecutor.execute(DriverCommandExecutor.java:83)
at org.openqa.selenium.remote.RemoteWebDriver.execute(RemoteWebDriver.java:552)
at org.openqa.selenium.remote.RemoteWebDriver.startSession(RemoteWebDriver.java:213)
at org.openqa.selenium.remote.RemoteWebDriver.<init>(RemoteWebDriver.java:131)
at org.openqa.selenium.chrome.ChromeDriver.<init>(ChromeDriver.java:181)
at org.openqa.selenium.chrome.ChromeDriver.<init>(ChromeDriver.java:168)
at org.openqa.selenium.chrome.ChromeDriver.<init>(ChromeDriver.java:123)
at genericlibrary.BaseClass.browserlaunch(BaseClass.java:35)
at sun.reflect.NativeMethodAccessorImpl.invoke0(Native Method)
at sun.reflect.NativeMethodAccessorImpl.invoke(NativeMethodAccessorImpl.java:62)
at sun.reflect.DelegatingMethodAccessorImpl.invoke(DelegatingMethodAccessorImpl.java:43)
at java.lang.reflect.Method.invoke(Method.java:498)
at org.testng.internal.MethodInvocationHelper.invokeMethod(MethodInvocationHelper.java:124)
at org.testng.internal.MethodInvocationHelper.invokeMethodConsideringTimeout(MethodInvocationHelper.java:59)
at org.testng.internal.Invoker.invokeConfigurationMethod(Invoker.java:458)
at org.testng.internal.Invoker.invokeConfigurations(Invoker.java:222)
at org.testng.internal.Invoker.invokeConfigurations(Invoker.java:142)
at org.testng.internal.TestMethodWorker.invokeBeforeClassMethods(TestMethodWorker.java:168)
at org.testng.internal.TestMethodWorker.run(TestMethodWorker.java:105)
at org.testng.TestRunner.privateRun(TestRunner.java:648)
at org.testng.TestRunner.run(TestRunner.java:505)
at org.testng.SuiteRunner.runTest(SuiteRunner.java:455)
at org.testng.SuiteRunner.runSequentially(SuiteRunner.java:450)
at org.testng.SuiteRunner.privateRun(SuiteRunner.java:415)
at org.testng.SuiteRunner.run(SuiteRunner.java:364)
at org.testng.SuiteRunnerWorker.runSuite(SuiteRunnerWorker.java:52)
at org.testng.SuiteRunnerWorker.run(SuiteRunnerWorker.java:84)
at org.testng.TestNG.runSuitesSequentially(TestNG.java:1208)
at org.testng.TestNG.runSuitesLocally(TestNG.java:1137)
at org.testng.TestNG.runSuites(TestNG.java:1049)
at org.testng.TestNG.run(TestNG.java:1017)
at org.testng.remote.AbstractRemoteTestNG.run(AbstractRemoteTestNG.java:114)
at org.testng.remote.RemoteTestNG.initAndRun(RemoteTestNG.java:251)
at org.testng.remote.RemoteTestNG.main(RemoteTestNG.java:77)
]]>
            </full-stacktrace>
          </exception> <!-- org.openqa.selenium.SessionNotCreatedException -->
          <reporter-output>
          </reporter-output>
        </test-method> <!-- browserlaunch -->
        <test-method status="SKIP" signature="login()[pri:0, instance:testScripts.EditVendorNameTest@548e7350]" name="login" is-config="true" duration-ms="0" started-at="2020-06-18T07:33:25Z" finished-at="2020-06-18T07:33:25Z">
          <reporter-output>
          </reporter-output>
        </test-method> <!-- login -->
        <test-method status="SKIP" signature="vendorEdit()[pri:0, instance:testScripts.EditVendorNameTest@548e7350]" name="vendorEdit" duration-ms="0" started-at="2020-06-18T07:33:25Z" finished-at="2020-06-18T07:33:25Z">
          <exception class="org.openqa.selenium.SessionNotCreatedException">
            <message>
              <![CDATA[session not created: This version of ChromeDriver only supports Chrome version 81
Build info: version: '3.141.59', revision: 'e82be7d358', time: '2018-11-14T08:17:03'
System info: host: 'DESKTOP-AO32I9U', ip: '192.168.72.1', os.name: 'Windows 10', os.arch: 'amd64', os.version: '10.0', java.version: '1.8.0_162'
Driver info: driver.version: ChromeDriver
remote stacktrace: Backtrace:
Ordinal0 [0x00D15F73+2449267]
Ordinal0 [0x00C48361+1606497]
Ordinal0 [0x00B3F969+522601]
Ordinal0 [0x00AD05F3+67059]
Ordinal0 [0x00ACCD92+52626]
Ordinal0 [0x00AEC127+180519]
Ordinal0 [0x00AEBF2D+180013]
Ordinal0 [0x00AE9E5B+171611]
Ordinal0 [0x00AD1DD8+73176]
Ordinal0 [0x00AD2E50+77392]
Ordinal0 [0x00AD2DE9+77289]
Ordinal0 [0x00C5D8D7+1693911]
GetHandleVerifier [0x00DB4036+522726]
GetHandleVerifier [0x00DB3D74+522020]
GetHandleVerifier [0x00DC9187+609079]
GetHandleVerifier [0x00DB48A6+524886]
Ordinal0 [0x00C55CBC+1662140]
Ordinal0 [0x00C5F23B+1700411]
Ordinal0 [0x00C5F3A3+1700771]
Ordinal0 [0x00C75215+1790485]
BaseThreadInitThunk [0x76958494+36]
RtlAreBitsSet [0x77214328+136]
RtlAreBitsSet [0x772142F8+88]
]]>
            </message>
            <full-stacktrace>
              <![CDATA[org.openqa.selenium.SessionNotCreatedException: session not created: This version of ChromeDriver only supports Chrome version 81
Build info: version: '3.141.59', revision: 'e82be7d358', time: '2018-11-14T08:17:03'
System info: host: 'DESKTOP-AO32I9U', ip: '192.168.72.1', os.name: 'Windows 10', os.arch: 'amd64', os.version: '10.0', java.version: '1.8.0_162'
Driver info: driver.version: ChromeDriver
remote stacktrace: Backtrace:
Ordinal0 [0x00D15F73+2449267]
Ordinal0 [0x00C48361+1606497]
Ordinal0 [0x00B3F969+522601]
Ordinal0 [0x00AD05F3+67059]
Ordinal0 [0x00ACCD92+52626]
Ordinal0 [0x00AEC127+180519]
Ordinal0 [0x00AEBF2D+180013]
Ordinal0 [0x00AE9E5B+171611]
Ordinal0 [0x00AD1DD8+73176]
Ordinal0 [0x00AD2E50+77392]
Ordinal0 [0x00AD2DE9+77289]
Ordinal0 [0x00C5D8D7+1693911]
GetHandleVerifier [0x00DB4036+522726]
GetHandleVerifier [0x00DB3D74+522020]
GetHandleVerifier [0x00DC9187+609079]
GetHandleVerifier [0x00DB48A6+524886]
Ordinal0 [0x00C55CBC+1662140]
Ordinal0 [0x00C5F23B+1700411]
Ordinal0 [0x00C5F3A3+1700771]
Ordinal0 [0x00C75215+1790485]
BaseThreadInitThunk [0x76958494+36]
RtlAreBitsSet [0x77214328+136]
RtlAreBitsSet [0x772142F8+88]

at sun.reflect.NativeConstructorAccessorImpl.newInstance0(Native Method)
at sun.reflect.NativeConstructorAccessorImpl.newInstance(NativeConstructorAccessorImpl.java:62)
at sun.reflect.DelegatingConstructorAccessorImpl.newInstance(DelegatingConstructorAccessorImpl.java:45)
at java.lang.reflect.Constructor.newInstance(Constructor.java:423)
at org.openqa.selenium.remote.W3CHandshakeResponse.lambda$errorHandler$0(W3CHandshakeResponse.java:62)
at org.openqa.selenium.remote.HandshakeResponse.lambda$getResponseFunction$0(HandshakeResponse.java:30)
at org.openqa.selenium.remote.ProtocolHandshake.lambda$createSession$0(ProtocolHandshake.java:126)
at java.util.stream.ReferencePipeline$3$1.accept(ReferencePipeline.java:193)
at java.util.Spliterators$ArraySpliterator.tryAdvance(Spliterators.java:958)
at java.util.stream.ReferencePipeline.forEachWithCancel(ReferencePipeline.java:126)
at java.util.stream.AbstractPipeline.copyIntoWithCancel(AbstractPipeline.java:498)
at java.util.stream.AbstractPipeline.copyInto(AbstractPipeline.java:485)
at java.util.stream.AbstractPipeline.wrapAndCopyInto(AbstractPipeline.java:471)
at java.util.stream.FindOps$FindOp.evaluateSequential(FindOps.java:152)
at java.util.stream.AbstractPipeline.evaluate(AbstractPipeline.java:234)
at java.util.stream.ReferencePipeline.findFirst(ReferencePipeline.java:464)
at org.openqa.selenium.remote.ProtocolHandshake.createSession(ProtocolHandshake.java:128)
at org.openqa.selenium.remote.ProtocolHandshake.createSession(ProtocolHandshake.java:74)
at org.openqa.selenium.remote.HttpCommandExecutor.execute(HttpCommandExecutor.java:136)
at org.openqa.selenium.remote.service.DriverCommandExecutor.execute(DriverCommandExecutor.java:83)
at org.openqa.selenium.remote.RemoteWebDriver.execute(RemoteWebDriver.java:552)
at org.openqa.selenium.remote.RemoteWebDriver.startSession(RemoteWebDriver.java:213)
at org.openqa.selenium.remote.RemoteWebDriver.<init>(RemoteWebDriver.java:131)
at org.openqa.selenium.chrome.ChromeDriver.<init>(ChromeDriver.java:181)
at org.openqa.selenium.chrome.ChromeDriver.<init>(ChromeDriver.java:168)
at org.openqa.selenium.chrome.ChromeDriver.<init>(ChromeDriver.java:123)
at genericlibrary.BaseClass.browserlaunch(BaseClass.java:35)
at sun.reflect.NativeMethodAccessorImpl.invoke0(Native Method)
at sun.reflect.NativeMethodAccessorImpl.invoke(NativeMethodAccessorImpl.java:62)
at sun.reflect.DelegatingMethodAccessorImpl.invoke(DelegatingMethodAccessorImpl.java:43)
at java.lang.reflect.Method.invoke(Method.java:498)
at org.testng.internal.MethodInvocationHelper.invokeMethod(MethodInvocationHelper.java:124)
at org.testng.internal.MethodInvocationHelper.invokeMethodConsideringTimeout(MethodInvocationHelper.java:59)
at org.testng.internal.Invoker.invokeConfigurationMethod(Invoker.java:458)
at org.testng.internal.Invoker.invokeConfigurations(Invoker.java:222)
at org.testng.internal.Invoker.invokeConfigurations(Invoker.java:142)
at org.testng.internal.TestMethodWorker.invokeBeforeClassMethods(TestMethodWorker.java:168)
at org.testng.internal.TestMethodWorker.run(TestMethodWorker.java:105)
at org.testng.TestRunner.privateRun(TestRunner.java:648)
at org.testng.TestRunner.run(TestRunner.java:505)
at org.testng.SuiteRunner.runTest(SuiteRunner.java:455)
at org.testng.SuiteRunner.runSequentially(SuiteRunner.java:450)
at org.testng.SuiteRunner.privateRun(SuiteRunner.java:415)
at org.testng.SuiteRunner.run(SuiteRunner.java:364)
at org.testng.SuiteRunnerWorker.runSuite(SuiteRunnerWorker.java:52)
at org.testng.SuiteRunnerWorker.run(SuiteRunnerWorker.java:84)
at org.testng.TestNG.runSuitesSequentially(TestNG.java:1208)
at org.testng.TestNG.runSuitesLocally(TestNG.java:1137)
at org.testng.TestNG.runSuites(TestNG.java:1049)
at org.testng.TestNG.run(TestNG.java:1017)
at org.testng.remote.AbstractRemoteTestNG.run(AbstractRemoteTestNG.java:114)
at org.testng.remote.RemoteTestNG.initAndRun(RemoteTestNG.java:251)
at org.testng.remote.RemoteTestNG.main(RemoteTestNG.java:77)
]]>
            </full-stacktrace>
          </exception> <!-- org.openqa.selenium.SessionNotCreatedException -->
          <reporter-output>
          </reporter-output>
        </test-method> <!-- vendorEdit -->
        <test-method status="SKIP" signature="logout()[pri:0, instance:testScripts.EditVendorNameTest@548e7350]" name="logout" is-config="true" duration-ms="0" started-at="2020-06-18T07:33:25Z" finished-at="2020-06-18T07:33:25Z">
          <reporter-output>
          </reporter-output>
        </test-method> <!-- logout -->
        <test-method status="SKIP" signature="closebrowser()[pri:0, instance:testScripts.EditVendorNameTest@548e7350]" name="closebrowser" is-config="true" duration-ms="0" started-at="2020-06-18T07:33:25Z" finished-at="2020-06-18T07:33:25Z">
          <reporter-output>
          </reporter-output>
        </test-method> <!-- closebrowser -->
      </class> <!-- testScripts.EditVendorNameTest -->
      <class name="testScripts.SearchTest">
        <test-method status="PASS" signature="dbConnection()[pri:0, instance:testScripts.SearchTest@5442a311]" name="dbConnection" is-config="true" duration-ms="55" started-at="2020-06-18T07:33:12Z" finished-at="2020-06-18T07:33:12Z">
          <reporter-output>
          </reporter-output>
        </test-method> <!-- dbConnection -->
        <test-method status="FAIL" signature="browserlaunch()[pri:0, instance:testScripts.SearchTest@5442a311]" name="browserlaunch" is-config="true" duration-ms="9796" started-at="2020-06-18T07:33:12Z" finished-at="2020-06-18T07:33:22Z">
          <exception class="org.openqa.selenium.SessionNotCreatedException">
            <message>
              <![CDATA[session not created: This version of ChromeDriver only supports Chrome version 81
Build info: version: '3.141.59', revision: 'e82be7d358', time: '2018-11-14T08:17:03'
System info: host: 'DESKTOP-AO32I9U', ip: '192.168.72.1', os.name: 'Windows 10', os.arch: 'amd64', os.version: '10.0', java.version: '1.8.0_162'
Driver info: driver.version: ChromeDriver
remote stacktrace: Backtrace:
Ordinal0 [0x00D15F73+2449267]
Ordinal0 [0x00C48361+1606497]
Ordinal0 [0x00B3F969+522601]
Ordinal0 [0x00AD05F3+67059]
Ordinal0 [0x00ACCD92+52626]
Ordinal0 [0x00AEC127+180519]
Ordinal0 [0x00AEBF2D+180013]
Ordinal0 [0x00AE9E5B+171611]
Ordinal0 [0x00AD1DD8+73176]
Ordinal0 [0x00AD2E50+77392]
Ordinal0 [0x00AD2DE9+77289]
Ordinal0 [0x00C5D8D7+1693911]
GetHandleVerifier [0x00DB4036+522726]
GetHandleVerifier [0x00DB3D74+522020]
GetHandleVerifier [0x00DC9187+609079]
GetHandleVerifier [0x00DB48A6+524886]
Ordinal0 [0x00C55CBC+1662140]
Ordinal0 [0x00C5F23B+1700411]
Ordinal0 [0x00C5F3A3+1700771]
Ordinal0 [0x00C75215+1790485]
BaseThreadInitThunk [0x76958494+36]
RtlAreBitsSet [0x77214328+136]
RtlAreBitsSet [0x772142F8+88]
]]>
            </message>
            <full-stacktrace>
              <![CDATA[org.openqa.selenium.SessionNotCreatedException: session not created: This version of ChromeDriver only supports Chrome version 81
Build info: version: '3.141.59', revision: 'e82be7d358', time: '2018-11-14T08:17:03'
System info: host: 'DESKTOP-AO32I9U', ip: '192.168.72.1', os.name: 'Windows 10', os.arch: 'amd64', os.version: '10.0', java.version: '1.8.0_162'
Driver info: driver.version: ChromeDriver
remote stacktrace: Backtrace:
Ordinal0 [0x00D15F73+2449267]
Ordinal0 [0x00C48361+1606497]
Ordinal0 [0x00B3F969+522601]
Ordinal0 [0x00AD05F3+67059]
Ordinal0 [0x00ACCD92+52626]
Ordinal0 [0x00AEC127+180519]
Ordinal0 [0x00AEBF2D+180013]
Ordinal0 [0x00AE9E5B+171611]
Ordinal0 [0x00AD1DD8+73176]
Ordinal0 [0x00AD2E50+77392]
Ordinal0 [0x00AD2DE9+77289]
Ordinal0 [0x00C5D8D7+1693911]
GetHandleVerifier [0x00DB4036+522726]
GetHandleVerifier [0x00DB3D74+522020]
GetHandleVerifier [0x00DC9187+609079]
GetHandleVerifier [0x00DB48A6+524886]
Ordinal0 [0x00C55CBC+1662140]
Ordinal0 [0x00C5F23B+1700411]
Ordinal0 [0x00C5F3A3+1700771]
Ordinal0 [0x00C75215+1790485]
BaseThreadInitThunk [0x76958494+36]
RtlAreBitsSet [0x77214328+136]
RtlAreBitsSet [0x772142F8+88]

at sun.reflect.NativeConstructorAccessorImpl.newInstance0(Native Method)
at sun.reflect.NativeConstructorAccessorImpl.newInstance(NativeConstructorAccessorImpl.java:62)
at sun.reflect.DelegatingConstructorAccessorImpl.newInstance(DelegatingConstructorAccessorImpl.java:45)
at java.lang.reflect.Constructor.newInstance(Constructor.java:423)
at org.openqa.selenium.remote.W3CHandshakeResponse.lambda$errorHandler$0(W3CHandshakeResponse.java:62)
at org.openqa.selenium.remote.HandshakeResponse.lambda$getResponseFunction$0(HandshakeResponse.java:30)
at org.openqa.selenium.remote.ProtocolHandshake.lambda$createSession$0(ProtocolHandshake.java:126)
at java.util.stream.ReferencePipeline$3$1.accept(ReferencePipeline.java:193)
at java.util.Spliterators$ArraySpliterator.tryAdvance(Spliterators.java:958)
at java.util.stream.ReferencePipeline.forEachWithCancel(ReferencePipeline.java:126)
at java.util.stream.AbstractPipeline.copyIntoWithCancel(AbstractPipeline.java:498)
at java.util.stream.AbstractPipeline.copyInto(AbstractPipeline.java:485)
at java.util.stream.AbstractPipeline.wrapAndCopyInto(AbstractPipeline.java:471)
at java.util.stream.FindOps$FindOp.evaluateSequential(FindOps.java:152)
at java.util.stream.AbstractPipeline.evaluate(AbstractPipeline.java:234)
at java.util.stream.ReferencePipeline.findFirst(ReferencePipeline.java:464)
at org.openqa.selenium.remote.ProtocolHandshake.createSession(ProtocolHandshake.java:128)
at org.openqa.selenium.remote.ProtocolHandshake.createSession(ProtocolHandshake.java:74)
at org.openqa.selenium.remote.HttpCommandExecutor.execute(HttpCommandExecutor.java:136)
at org.openqa.selenium.remote.service.DriverCommandExecutor.execute(DriverCommandExecutor.java:83)
at org.openqa.selenium.remote.RemoteWebDriver.execute(RemoteWebDriver.java:552)
at org.openqa.selenium.remote.RemoteWebDriver.startSession(RemoteWebDriver.java:213)
at org.openqa.selenium.remote.RemoteWebDriver.<init>(RemoteWebDriver.java:131)
at org.openqa.selenium.chrome.ChromeDriver.<init>(ChromeDriver.java:181)
at org.openqa.selenium.chrome.ChromeDriver.<init>(ChromeDriver.java:168)
at org.openqa.selenium.chrome.ChromeDriver.<init>(ChromeDriver.java:123)
at genericlibrary.BaseClass.browserlaunch(BaseClass.java:35)
at sun.reflect.NativeMethodAccessorImpl.invoke0(Native Method)
at sun.reflect.NativeMethodAccessorImpl.invoke(NativeMethodAccessorImpl.java:62)
at sun.reflect.DelegatingMethodAccessorImpl.invoke(DelegatingMethodAccessorImpl.java:43)
at java.lang.reflect.Method.invoke(Method.java:498)
at org.testng.internal.MethodInvocationHelper.invokeMethod(MethodInvocationHelper.java:124)
at org.testng.internal.MethodInvocationHelper.invokeMethodConsideringTimeout(MethodInvocationHelper.java:59)
at org.testng.internal.Invoker.invokeConfigurationMethod(Invoker.java:458)
at org.testng.internal.Invoker.invokeConfigurations(Invoker.java:222)
at org.testng.internal.Invoker.invokeConfigurations(Invoker.java:142)
at org.testng.internal.TestMethodWorker.invokeBeforeClassMethods(TestMethodWorker.java:168)
at org.testng.internal.TestMethodWorker.run(TestMethodWorker.java:105)
at org.testng.TestRunner.privateRun(TestRunner.java:648)
at org.testng.TestRunner.run(TestRunner.java:505)
at org.testng.SuiteRunner.runTest(SuiteRunner.java:455)
at org.testng.SuiteRunner.runSequentially(SuiteRunner.java:450)
at org.testng.SuiteRunner.privateRun(SuiteRunner.java:415)
at org.testng.SuiteRunner.run(SuiteRunner.java:364)
at org.testng.SuiteRunnerWorker.runSuite(SuiteRunnerWorker.java:52)
at org.testng.SuiteRunnerWorker.run(SuiteRunnerWorker.java:84)
at org.testng.TestNG.runSuitesSequentially(TestNG.java:1208)
at org.testng.TestNG.runSuitesLocally(TestNG.java:1137)
at org.testng.TestNG.runSuites(TestNG.java:1049)
at org.testng.TestNG.run(TestNG.java:1017)
at org.testng.remote.AbstractRemoteTestNG.run(AbstractRemoteTestNG.java:114)
at org.testng.remote.RemoteTestNG.initAndRun(RemoteTestNG.java:251)
at org.testng.remote.RemoteTestNG.main(RemoteTestNG.java:77)
]]>
            </full-stacktrace>
          </exception> <!-- org.openqa.selenium.SessionNotCreatedException -->
          <reporter-output>
          </reporter-output>
        </test-method> <!-- browserlaunch -->
        <test-method status="SKIP" signature="login()[pri:0, instance:testScripts.SearchTest@5442a311]" name="login" is-config="true" duration-ms="0" started-at="2020-06-18T07:33:22Z" finished-at="2020-06-18T07:33:22Z">
          <reporter-output>
          </reporter-output>
        </test-method> <!-- login -->
        <test-method status="SKIP" signature="Searchoptions()[pri:0, instance:testScripts.SearchTest@5442a311]" name="Searchoptions" duration-ms="0" started-at="2020-06-18T07:33:22Z" finished-at="2020-06-18T07:33:22Z">
          <exception class="org.openqa.selenium.SessionNotCreatedException">
            <message>
              <![CDATA[session not created: This version of ChromeDriver only supports Chrome version 81
Build info: version: '3.141.59', revision: 'e82be7d358', time: '2018-11-14T08:17:03'
System info: host: 'DESKTOP-AO32I9U', ip: '192.168.72.1', os.name: 'Windows 10', os.arch: 'amd64', os.version: '10.0', java.version: '1.8.0_162'
Driver info: driver.version: ChromeDriver
remote stacktrace: Backtrace:
Ordinal0 [0x00D15F73+2449267]
Ordinal0 [0x00C48361+1606497]
Ordinal0 [0x00B3F969+522601]
Ordinal0 [0x00AD05F3+67059]
Ordinal0 [0x00ACCD92+52626]
Ordinal0 [0x00AEC127+180519]
Ordinal0 [0x00AEBF2D+180013]
Ordinal0 [0x00AE9E5B+171611]
Ordinal0 [0x00AD1DD8+73176]
Ordinal0 [0x00AD2E50+77392]
Ordinal0 [0x00AD2DE9+77289]
Ordinal0 [0x00C5D8D7+1693911]
GetHandleVerifier [0x00DB4036+522726]
GetHandleVerifier [0x00DB3D74+522020]
GetHandleVerifier [0x00DC9187+609079]
GetHandleVerifier [0x00DB48A6+524886]
Ordinal0 [0x00C55CBC+1662140]
Ordinal0 [0x00C5F23B+1700411]
Ordinal0 [0x00C5F3A3+1700771]
Ordinal0 [0x00C75215+1790485]
BaseThreadInitThunk [0x76958494+36]
RtlAreBitsSet [0x77214328+136]
RtlAreBitsSet [0x772142F8+88]
]]>
            </message>
            <full-stacktrace>
              <![CDATA[org.openqa.selenium.SessionNotCreatedException: session not created: This version of ChromeDriver only supports Chrome version 81
Build info: version: '3.141.59', revision: 'e82be7d358', time: '2018-11-14T08:17:03'
System info: host: 'DESKTOP-AO32I9U', ip: '192.168.72.1', os.name: 'Windows 10', os.arch: 'amd64', os.version: '10.0', java.version: '1.8.0_162'
Driver info: driver.version: ChromeDriver
remote stacktrace: Backtrace:
Ordinal0 [0x00D15F73+2449267]
Ordinal0 [0x00C48361+1606497]
Ordinal0 [0x00B3F969+522601]
Ordinal0 [0x00AD05F3+67059]
Ordinal0 [0x00ACCD92+52626]
Ordinal0 [0x00AEC127+180519]
Ordinal0 [0x00AEBF2D+180013]
Ordinal0 [0x00AE9E5B+171611]
Ordinal0 [0x00AD1DD8+73176]
Ordinal0 [0x00AD2E50+77392]
Ordinal0 [0x00AD2DE9+77289]
Ordinal0 [0x00C5D8D7+1693911]
GetHandleVerifier [0x00DB4036+522726]
GetHandleVerifier [0x00DB3D74+522020]
GetHandleVerifier [0x00DC9187+609079]
GetHandleVerifier [0x00DB48A6+524886]
Ordinal0 [0x00C55CBC+1662140]
Ordinal0 [0x00C5F23B+1700411]
Ordinal0 [0x00C5F3A3+1700771]
Ordinal0 [0x00C75215+1790485]
BaseThreadInitThunk [0x76958494+36]
RtlAreBitsSet [0x77214328+136]
RtlAreBitsSet [0x772142F8+88]

at sun.reflect.NativeConstructorAccessorImpl.newInstance0(Native Method)
at sun.reflect.NativeConstructorAccessorImpl.newInstance(NativeConstructorAccessorImpl.java:62)
at sun.reflect.DelegatingConstructorAccessorImpl.newInstance(DelegatingConstructorAccessorImpl.java:45)
at java.lang.reflect.Constructor.newInstance(Constructor.java:423)
at org.openqa.selenium.remote.W3CHandshakeResponse.lambda$errorHandler$0(W3CHandshakeResponse.java:62)
at org.openqa.selenium.remote.HandshakeResponse.lambda$getResponseFunction$0(HandshakeResponse.java:30)
at org.openqa.selenium.remote.ProtocolHandshake.lambda$createSession$0(ProtocolHandshake.java:126)
at java.util.stream.ReferencePipeline$3$1.accept(ReferencePipeline.java:193)
at java.util.Spliterators$ArraySpliterator.tryAdvance(Spliterators.java:958)
at java.util.stream.ReferencePipeline.forEachWithCancel(ReferencePipeline.java:126)
at java.util.stream.AbstractPipeline.copyIntoWithCancel(AbstractPipeline.java:498)
at java.util.stream.AbstractPipeline.copyInto(AbstractPipeline.java:485)
at java.util.stream.AbstractPipeline.wrapAndCopyInto(AbstractPipeline.java:471)
at java.util.stream.FindOps$FindOp.evaluateSequential(FindOps.java:152)
at java.util.stream.AbstractPipeline.evaluate(AbstractPipeline.java:234)
at java.util.stream.ReferencePipeline.findFirst(ReferencePipeline.java:464)
at org.openqa.selenium.remote.ProtocolHandshake.createSession(ProtocolHandshake.java:128)
at org.openqa.selenium.remote.ProtocolHandshake.createSession(ProtocolHandshake.java:74)
at org.openqa.selenium.remote.HttpCommandExecutor.execute(HttpCommandExecutor.java:136)
at org.openqa.selenium.remote.service.DriverCommandExecutor.execute(DriverCommandExecutor.java:83)
at org.openqa.selenium.remote.RemoteWebDriver.execute(RemoteWebDriver.java:552)
at org.openqa.selenium.remote.RemoteWebDriver.startSession(RemoteWebDriver.java:213)
at org.openqa.selenium.remote.RemoteWebDriver.<init>(RemoteWebDriver.java:131)
at org.openqa.selenium.chrome.ChromeDriver.<init>(ChromeDriver.java:181)
at org.openqa.selenium.chrome.ChromeDriver.<init>(ChromeDriver.java:168)
at org.openqa.selenium.chrome.ChromeDriver.<init>(ChromeDriver.java:123)
at genericlibrary.BaseClass.browserlaunch(BaseClass.java:35)
at sun.reflect.NativeMethodAccessorImpl.invoke0(Native Method)
at sun.reflect.NativeMethodAccessorImpl.invoke(NativeMethodAccessorImpl.java:62)
at sun.reflect.DelegatingMethodAccessorImpl.invoke(DelegatingMethodAccessorImpl.java:43)
at java.lang.reflect.Method.invoke(Method.java:498)
at org.testng.internal.MethodInvocationHelper.invokeMethod(MethodInvocationHelper.java:124)
at org.testng.internal.MethodInvocationHelper.invokeMethodConsideringTimeout(MethodInvocationHelper.java:59)
at org.testng.internal.Invoker.invokeConfigurationMethod(Invoker.java:458)
at org.testng.internal.Invoker.invokeConfigurations(Invoker.java:222)
at org.testng.internal.Invoker.invokeConfigurations(Invoker.java:142)
at org.testng.internal.TestMethodWorker.invokeBeforeClassMethods(TestMethodWorker.java:168)
at org.testng.internal.TestMethodWorker.run(TestMethodWorker.java:105)
at org.testng.TestRunner.privateRun(TestRunner.java:648)
at org.testng.TestRunner.run(TestRunner.java:505)
at org.testng.SuiteRunner.runTest(SuiteRunner.java:455)
at org.testng.SuiteRunner.runSequentially(SuiteRunner.java:450)
at org.testng.SuiteRunner.privateRun(SuiteRunner.java:415)
at org.testng.SuiteRunner.run(SuiteRunner.java:364)
at org.testng.SuiteRunnerWorker.runSuite(SuiteRunnerWorker.java:52)
at org.testng.SuiteRunnerWorker.run(SuiteRunnerWorker.java:84)
at org.testng.TestNG.runSuitesSequentially(TestNG.java:1208)
at org.testng.TestNG.runSuitesLocally(TestNG.java:1137)
at org.testng.TestNG.runSuites(TestNG.java:1049)
at org.testng.TestNG.run(TestNG.java:1017)
at org.testng.remote.AbstractRemoteTestNG.run(AbstractRemoteTestNG.java:114)
at org.testng.remote.RemoteTestNG.initAndRun(RemoteTestNG.java:251)
at org.testng.remote.RemoteTestNG.main(RemoteTestNG.java:77)
]]>
            </full-stacktrace>
          </exception> <!-- org.openqa.selenium.SessionNotCreatedException -->
          <reporter-output>
          </reporter-output>
        </test-method> <!-- Searchoptions -->
        <test-method status="SKIP" signature="logout()[pri:0, instance:testScripts.SearchTest@5442a311]" name="logout" is-config="true" duration-ms="0" started-at="2020-06-18T07:33:22Z" finished-at="2020-06-18T07:33:22Z">
          <reporter-output>
          </reporter-output>
        </test-method> <!-- logout -->
        <test-method status="SKIP" signature="closebrowser()[pri:0, instance:testScripts.SearchTest@5442a311]" name="closebrowser" is-config="true" duration-ms="0" started-at="2020-06-18T07:33:22Z" finished-at="2020-06-18T07:33:22Z">
          <reporter-output>
          </reporter-output>
        </test-method> <!-- closebrowser -->
        <test-method status="PASS" signature="dbdisconnect()[pri:0, instance:testScripts.SearchTest@5442a311]" name="dbdisconnect" is-config="true" duration-ms="0" started-at="2020-06-18T07:33:26Z" finished-at="2020-06-18T07:33:26Z">
          <reporter-output>
          </reporter-output>
        </test-method> <!-- dbdisconnect -->
      </class> <!-- testScripts.SearchTest -->
    </test> <!-- Test -->
  </suite> <!-- Suite -->
</testng-results>
