<?xml version="1.0" encoding="UTF-8"?>
<!-- Generated by org.testng.reporters.JUnitXMLReporter -->
<testsuite hostname="DESKTOP-AO32I9U" ignored="2" name="Default test" tests="2" failures="0" timestamp="17 Jun 2020 15:52:05 GMT" time="23.574" errors="0">
  <testcase name="@BeforeClass browserlaunch" time="18.423" classname="genericlibrary.BaseClass">
    <failure type="org.openqa.selenium.SessionNotCreatedException" message="session not created: This version of ChromeDriver only supports Chrome version 81
Build info: version: &amp;apos;3.141.59&amp;apos;, revision: &amp;apos;e82be7d358&amp;apos;, time: &amp;apos;2018-11-14T08:17:03&amp;apos;
System info: host: &amp;apos;DESKTOP-AO32I9U&amp;apos;, ip: &amp;apos;192.168.225.92&amp;apos;, os.name: &amp;apos;Windows 10&amp;apos;, os.arch: &amp;apos;amd64&amp;apos;, os.version: &amp;apos;10.0&amp;apos;, java.version: &amp;apos;1.8.0_162&amp;apos;
Driver info: driver.version: ChromeDriver
remote stacktrace: Backtrace:
	Ordinal0 [0x002D5F73+2449267]
	Ordinal0 [0x00208361+1606497]
	Ordinal0 [0x000FF969+522601]
	Ordinal0 [0x000905F3+67059]
	Ordinal0 [0x0008CD92+52626]
	Ordinal0 [0x000AC127+180519]
	Ordinal0 [0x000ABF2D+180013]
	Ordinal0 [0x000A9E5B+171611]
	Ordinal0 [0x00091DD8+73176]
	Ordinal0 [0x00092E50+77392]
	Ordinal0 [0x00092DE9+77289]
	Ordinal0 [0x0021D8D7+1693911]
	GetHandleVerifier [0x00374036+522726]
	GetHandleVerifier [0x00373D74+522020]
	GetHandleVerifier [0x00389187+609079]
	GetHandleVerifier [0x003748A6+524886]
	Ordinal0 [0x00215CBC+1662140]
	Ordinal0 [0x0021F23B+1700411]
	Ordinal0 [0x0021F3A3+1700771]
	Ordinal0 [0x00235215+1790485]
	BaseThreadInitThunk [0x773E8494+36]
	RtlAreBitsSet [0x77804328+136]
	RtlAreBitsSet [0x778042F8+88]
	(No symbol) [0x00000000]
">
      <![CDATA[org.openqa.selenium.SessionNotCreatedException: session not created: This version of ChromeDriver only supports Chrome version 81
Build info: version: '3.141.59', revision: 'e82be7d358', time: '2018-11-14T08:17:03'
System info: host: 'DESKTOP-AO32I9U', ip: '192.168.225.92', os.name: 'Windows 10', os.arch: 'amd64', os.version: '10.0', java.version: '1.8.0_162'
Driver info: driver.version: ChromeDriver
remote stacktrace: Backtrace:
Ordinal0 [0x002D5F73+2449267]
Ordinal0 [0x00208361+1606497]
Ordinal0 [0x000FF969+522601]
Ordinal0 [0x000905F3+67059]
Ordinal0 [0x0008CD92+52626]
Ordinal0 [0x000AC127+180519]
Ordinal0 [0x000ABF2D+180013]
Ordinal0 [0x000A9E5B+171611]
Ordinal0 [0x00091DD8+73176]
Ordinal0 [0x00092E50+77392]
Ordinal0 [0x00092DE9+77289]
Ordinal0 [0x0021D8D7+1693911]
GetHandleVerifier [0x00374036+522726]
GetHandleVerifier [0x00373D74+522020]
GetHandleVerifier [0x00389187+609079]
GetHandleVerifier [0x003748A6+524886]
Ordinal0 [0x00215CBC+1662140]
Ordinal0 [0x0021F23B+1700411]
Ordinal0 [0x0021F3A3+1700771]
Ordinal0 [0x00235215+1790485]
BaseThreadInitThunk [0x773E8494+36]
RtlAreBitsSet [0x77804328+136]
RtlAreBitsSet [0x778042F8+88]
(No symbol) [0x00000000]

at sun.reflect.NativeConstructorAccessorImpl.newInstance0(Native Method)
at sun.reflect.NativeConstructorAccessorImpl.newInstance(NativeConstructorAccessorImpl.java:62)
at sun.reflect.DelegatingConstructorAccessorImpl.newInstance(DelegatingConstructorAccessorImpl.java:45)
at java.lang.reflect.Constructor.newInstance(Constructor.java:423)
at org.openqa.selenium.remote.W3CHandshakeResponse.lambda$errorHandler$0(W3CHandshakeResponse.java:62)
at org.openqa.selenium.remote.HandshakeResponse.lambda$getResponseFunction$0(HandshakeResponse.java:30)
at org.openqa.selenium.remote.ProtocolHandshake.lambda$createSession$0(ProtocolHandshake.java:126)
at java.util.stream.ReferencePipeline$3$1.accept(ReferencePipeline.java:193)
at java.util.Spliterators$ArraySpliterator.tryAdvance(Spliterators.java:958)
at java.util.stream.ReferencePipeline.forEachWithCancel(ReferencePipeline.java:126)
at java.util.stream.AbstractPipeline.copyIntoWithCancel(AbstractPipeline.java:498)
at java.util.stream.AbstractPipeline.copyInto(AbstractPipeline.java:485)
at java.util.stream.AbstractPipeline.wrapAndCopyInto(AbstractPipeline.java:471)
at java.util.stream.FindOps$FindOp.evaluateSequential(FindOps.java:152)
at java.util.stream.AbstractPipeline.evaluate(AbstractPipeline.java:234)
at java.util.stream.ReferencePipeline.findFirst(ReferencePipeline.java:464)
at org.openqa.selenium.remote.ProtocolHandshake.createSession(ProtocolHandshake.java:128)
at org.openqa.selenium.remote.ProtocolHandshake.createSession(ProtocolHandshake.java:74)
at org.openqa.selenium.remote.HttpCommandExecutor.execute(HttpCommandExecutor.java:136)
at org.openqa.selenium.remote.service.DriverCommandExecutor.execute(DriverCommandExecutor.java:83)
at org.openqa.selenium.remote.RemoteWebDriver.execute(RemoteWebDriver.java:552)
at org.openqa.selenium.remote.RemoteWebDriver.startSession(RemoteWebDriver.java:213)
at org.openqa.selenium.remote.RemoteWebDriver.<init>(RemoteWebDriver.java:131)
at org.openqa.selenium.chrome.ChromeDriver.<init>(ChromeDriver.java:181)
at org.openqa.selenium.chrome.ChromeDriver.<init>(ChromeDriver.java:168)
at org.openqa.selenium.chrome.ChromeDriver.<init>(ChromeDriver.java:123)
at genericlibrary.BaseClass.browserlaunch(BaseClass.java:35)
at sun.reflect.NativeMethodAccessorImpl.invoke0(Native Method)
at sun.reflect.NativeMethodAccessorImpl.invoke(NativeMethodAccessorImpl.java:62)
at sun.reflect.DelegatingMethodAccessorImpl.invoke(DelegatingMethodAccessorImpl.java:43)
at java.lang.reflect.Method.invoke(Method.java:498)
at org.testng.internal.MethodInvocationHelper.invokeMethod(MethodInvocationHelper.java:124)
at org.testng.internal.MethodInvocationHelper.invokeMethodConsideringTimeout(MethodInvocationHelper.java:59)
at org.testng.internal.Invoker.invokeConfigurationMethod(Invoker.java:458)
at org.testng.internal.Invoker.invokeConfigurations(Invoker.java:222)
at org.testng.internal.Invoker.invokeConfigurations(Invoker.java:142)
at org.testng.internal.TestMethodWorker.invokeBeforeClassMethods(TestMethodWorker.java:168)
at org.testng.internal.TestMethodWorker.run(TestMethodWorker.java:105)
at org.testng.TestRunner.privateRun(TestRunner.java:648)
at org.testng.TestRunner.run(TestRunner.java:505)
at org.testng.SuiteRunner.runTest(SuiteRunner.java:455)
at org.testng.SuiteRunner.runSequentially(SuiteRunner.java:450)
at org.testng.SuiteRunner.privateRun(SuiteRunner.java:415)
at org.testng.SuiteRunner.run(SuiteRunner.java:364)
at org.testng.SuiteRunnerWorker.runSuite(SuiteRunnerWorker.java:52)
at org.testng.SuiteRunnerWorker.run(SuiteRunnerWorker.java:84)
at org.testng.TestNG.runSuitesSequentially(TestNG.java:1208)
at org.testng.TestNG.runSuitesLocally(TestNG.java:1137)
at org.testng.TestNG.runSuites(TestNG.java:1049)
at org.testng.TestNG.run(TestNG.java:1017)
at org.testng.remote.AbstractRemoteTestNG.run(AbstractRemoteTestNG.java:114)
at org.testng.remote.RemoteTestNG.initAndRun(RemoteTestNG.java:251)
at org.testng.remote.RemoteTestNG.main(RemoteTestNG.java:77)
]]>
    </failure>
  </testcase> <!-- @BeforeClass browserlaunch -->
  <testcase name="@BeforeMethod login" time="0.0" classname="genericlibrary.BaseClass">
    <skipped/>
  </testcase> <!-- @BeforeMethod login -->
  <testcase name="@AfterMethod logout" time="0.0" classname="genericlibrary.BaseClass">
    <skipped/>
  </testcase> <!-- @AfterMethod logout -->
  <testcase name="@AfterClass closebrowser" time="0.0" classname="genericlibrary.BaseClass">
    <skipped/>
  </testcase> <!-- @AfterClass closebrowser -->
  <testcase name="@BeforeClass browserlaunch" time="4.997" classname="genericlibrary.BaseClass">
    <failure type="org.openqa.selenium.SessionNotCreatedException" message="session not created: This version of ChromeDriver only supports Chrome version 81
Build info: version: &amp;apos;3.141.59&amp;apos;, revision: &amp;apos;e82be7d358&amp;apos;, time: &amp;apos;2018-11-14T08:17:03&amp;apos;
System info: host: &amp;apos;DESKTOP-AO32I9U&amp;apos;, ip: &amp;apos;192.168.225.92&amp;apos;, os.name: &amp;apos;Windows 10&amp;apos;, os.arch: &amp;apos;amd64&amp;apos;, os.version: &amp;apos;10.0&amp;apos;, java.version: &amp;apos;1.8.0_162&amp;apos;
Driver info: driver.version: ChromeDriver
remote stacktrace: Backtrace:
	Ordinal0 [0x002D5F73+2449267]
	Ordinal0 [0x00208361+1606497]
	Ordinal0 [0x000FF969+522601]
	Ordinal0 [0x000905F3+67059]
	Ordinal0 [0x0008CD92+52626]
	Ordinal0 [0x000AC127+180519]
	Ordinal0 [0x000ABF2D+180013]
	Ordinal0 [0x000A9E5B+171611]
	Ordinal0 [0x00091DD8+73176]
	Ordinal0 [0x00092E50+77392]
	Ordinal0 [0x00092DE9+77289]
	Ordinal0 [0x0021D8D7+1693911]
	GetHandleVerifier [0x00374036+522726]
	GetHandleVerifier [0x00373D74+522020]
	GetHandleVerifier [0x00389187+609079]
	GetHandleVerifier [0x003748A6+524886]
	Ordinal0 [0x00215CBC+1662140]
	Ordinal0 [0x0021F23B+1700411]
	Ordinal0 [0x0021F3A3+1700771]
	Ordinal0 [0x00235215+1790485]
	BaseThreadInitThunk [0x773E8494+36]
	RtlAreBitsSet [0x77804328+136]
	RtlAreBitsSet [0x778042F8+88]
	(No symbol) [0x00000000]
">
      <![CDATA[org.openqa.selenium.SessionNotCreatedException: session not created: This version of ChromeDriver only supports Chrome version 81
Build info: version: '3.141.59', revision: 'e82be7d358', time: '2018-11-14T08:17:03'
System info: host: 'DESKTOP-AO32I9U', ip: '192.168.225.92', os.name: 'Windows 10', os.arch: 'amd64', os.version: '10.0', java.version: '1.8.0_162'
Driver info: driver.version: ChromeDriver
remote stacktrace: Backtrace:
Ordinal0 [0x002D5F73+2449267]
Ordinal0 [0x00208361+1606497]
Ordinal0 [0x000FF969+522601]
Ordinal0 [0x000905F3+67059]
Ordinal0 [0x0008CD92+52626]
Ordinal0 [0x000AC127+180519]
Ordinal0 [0x000ABF2D+180013]
Ordinal0 [0x000A9E5B+171611]
Ordinal0 [0x00091DD8+73176]
Ordinal0 [0x00092E50+77392]
Ordinal0 [0x00092DE9+77289]
Ordinal0 [0x0021D8D7+1693911]
GetHandleVerifier [0x00374036+522726]
GetHandleVerifier [0x00373D74+522020]
GetHandleVerifier [0x00389187+609079]
GetHandleVerifier [0x003748A6+524886]
Ordinal0 [0x00215CBC+1662140]
Ordinal0 [0x0021F23B+1700411]
Ordinal0 [0x0021F3A3+1700771]
Ordinal0 [0x00235215+1790485]
BaseThreadInitThunk [0x773E8494+36]
RtlAreBitsSet [0x77804328+136]
RtlAreBitsSet [0x778042F8+88]
(No symbol) [0x00000000]

at sun.reflect.NativeConstructorAccessorImpl.newInstance0(Native Method)
at sun.reflect.NativeConstructorAccessorImpl.newInstance(NativeConstructorAccessorImpl.java:62)
at sun.reflect.DelegatingConstructorAccessorImpl.newInstance(DelegatingConstructorAccessorImpl.java:45)
at java.lang.reflect.Constructor.newInstance(Constructor.java:423)
at org.openqa.selenium.remote.W3CHandshakeResponse.lambda$errorHandler$0(W3CHandshakeResponse.java:62)
at org.openqa.selenium.remote.HandshakeResponse.lambda$getResponseFunction$0(HandshakeResponse.java:30)
at org.openqa.selenium.remote.ProtocolHandshake.lambda$createSession$0(ProtocolHandshake.java:126)
at java.util.stream.ReferencePipeline$3$1.accept(ReferencePipeline.java:193)
at java.util.Spliterators$ArraySpliterator.tryAdvance(Spliterators.java:958)
at java.util.stream.ReferencePipeline.forEachWithCancel(ReferencePipeline.java:126)
at java.util.stream.AbstractPipeline.copyIntoWithCancel(AbstractPipeline.java:498)
at java.util.stream.AbstractPipeline.copyInto(AbstractPipeline.java:485)
at java.util.stream.AbstractPipeline.wrapAndCopyInto(AbstractPipeline.java:471)
at java.util.stream.FindOps$FindOp.evaluateSequential(FindOps.java:152)
at java.util.stream.AbstractPipeline.evaluate(AbstractPipeline.java:234)
at java.util.stream.ReferencePipeline.findFirst(ReferencePipeline.java:464)
at org.openqa.selenium.remote.ProtocolHandshake.createSession(ProtocolHandshake.java:128)
at org.openqa.selenium.remote.ProtocolHandshake.createSession(ProtocolHandshake.java:74)
at org.openqa.selenium.remote.HttpCommandExecutor.execute(HttpCommandExecutor.java:136)
at org.openqa.selenium.remote.service.DriverCommandExecutor.execute(DriverCommandExecutor.java:83)
at org.openqa.selenium.remote.RemoteWebDriver.execute(RemoteWebDriver.java:552)
at org.openqa.selenium.remote.RemoteWebDriver.startSession(RemoteWebDriver.java:213)
at org.openqa.selenium.remote.RemoteWebDriver.<init>(RemoteWebDriver.java:131)
at org.openqa.selenium.chrome.ChromeDriver.<init>(ChromeDriver.java:181)
at org.openqa.selenium.chrome.ChromeDriver.<init>(ChromeDriver.java:168)
at org.openqa.selenium.chrome.ChromeDriver.<init>(ChromeDriver.java:123)
at genericlibrary.BaseClass.browserlaunch(BaseClass.java:35)
at sun.reflect.NativeMethodAccessorImpl.invoke0(Native Method)
at sun.reflect.NativeMethodAccessorImpl.invoke(NativeMethodAccessorImpl.java:62)
at sun.reflect.DelegatingMethodAccessorImpl.invoke(DelegatingMethodAccessorImpl.java:43)
at java.lang.reflect.Method.invoke(Method.java:498)
at org.testng.internal.MethodInvocationHelper.invokeMethod(MethodInvocationHelper.java:124)
at org.testng.internal.MethodInvocationHelper.invokeMethodConsideringTimeout(MethodInvocationHelper.java:59)
at org.testng.internal.Invoker.invokeConfigurationMethod(Invoker.java:458)
at org.testng.internal.Invoker.invokeConfigurations(Invoker.java:222)
at org.testng.internal.Invoker.invokeConfigurations(Invoker.java:142)
at org.testng.internal.TestMethodWorker.invokeBeforeClassMethods(TestMethodWorker.java:168)
at org.testng.internal.TestMethodWorker.run(TestMethodWorker.java:105)
at org.testng.TestRunner.privateRun(TestRunner.java:648)
at org.testng.TestRunner.run(TestRunner.java:505)
at org.testng.SuiteRunner.runTest(SuiteRunner.java:455)
at org.testng.SuiteRunner.runSequentially(SuiteRunner.java:450)
at org.testng.SuiteRunner.privateRun(SuiteRunner.java:415)
at org.testng.SuiteRunner.run(SuiteRunner.java:364)
at org.testng.SuiteRunnerWorker.runSuite(SuiteRunnerWorker.java:52)
at org.testng.SuiteRunnerWorker.run(SuiteRunnerWorker.java:84)
at org.testng.TestNG.runSuitesSequentially(TestNG.java:1208)
at org.testng.TestNG.runSuitesLocally(TestNG.java:1137)
at org.testng.TestNG.runSuites(TestNG.java:1049)
at org.testng.TestNG.run(TestNG.java:1017)
at org.testng.remote.AbstractRemoteTestNG.run(AbstractRemoteTestNG.java:114)
at org.testng.remote.RemoteTestNG.initAndRun(RemoteTestNG.java:251)
at org.testng.remote.RemoteTestNG.main(RemoteTestNG.java:77)
]]>
    </failure>
  </testcase> <!-- @BeforeClass browserlaunch -->
  <testcase name="@BeforeMethod login" time="0.0" classname="genericlibrary.BaseClass">
    <skipped/>
  </testcase> <!-- @BeforeMethod login -->
  <testcase name="@AfterMethod logout" time="0.0" classname="genericlibrary.BaseClass">
    <skipped/>
  </testcase> <!-- @AfterMethod logout -->
  <testcase name="@AfterClass closebrowser" time="0.0" classname="genericlibrary.BaseClass">
    <skipped/>
  </testcase> <!-- @AfterClass closebrowser -->
  <testcase name="vendorEdit" time="0.001" classname="testScripts.EditVendorNameTest">
    <skipped/>
  </testcase> <!-- vendorEdit -->
  <testcase name="Searchoptions" time="0.0" classname="testScripts.SearchTest">
    <skipped/>
  </testcase> <!-- Searchoptions -->
  <testcase name="@AfterSuite dbdisconnect" time="0.0" classname="genericlibrary.BaseClass">
    <ignored/>
  </testcase> <!-- @AfterSuite dbdisconnect -->
  <testcase name="@BeforeSuite dbConnection" time="0.0" classname="genericlibrary.BaseClass">
    <ignored/>
  </testcase> <!-- @BeforeSuite dbConnection -->
</testsuite> <!-- Default test -->
